2025-07-03T17:07:14.408Z [error]: uncaughtException: Cannot find module '/home/project/node_modules/bcrypt/lib/binding/napi-v3/bcrypt_lib.node'
Require stack:
- /home/project/node_modules/bcrypt/bcrypt.js
- /home/project/controllers/authController.js
- /home/project/server.js
Error: Cannot find module '/home/project/node_modules/bcrypt/lib/binding/napi-v3/bcrypt_lib.node'
Require stack:
- /home/project/node_modules/bcrypt/bcrypt.js
- /home/project/controllers/authController.js
- /home/project/server.js
    at Module._resolveFilename (https://zp1v56uxy8rdx5ypatb0ockcb9tr6a-oci3.w-credentialless-staticblitz.com/builtins.97a3df4f.js:148:14795)
    at Module._load (https://zp1v56uxy8rdx5ypatb0ockcb9tr6a-oci3.w-credentialless-staticblitz.com/builtins.97a3df4f.js:148:12287)
    at Module.require (https://zp1v56uxy8rdx5ypatb0ockcb9tr6a-oci3.w-credentialless-staticblitz.com/builtins.97a3df4f.js:148:15469)
    at require3 (https://zp1v56uxy8rdx5ypatb0ockcb9tr6a-oci3.w-credentialless-staticblitz.com/builtins.97a3df4f.js:166:2696)
    at _0x52ec33 (https://zp1v56uxy8rdx5ypatb0ockcb9tr6a-oci3.w-credentialless-staticblitz.com/blitz.96435430.js:31:868754)
    at Object.eval (file:///home/project/node_modules/bcrypt/bcrypt.js#cjs:6:16)
    at Object._0x35ff06 (https://zp1v56uxy8rdx5ypatb0ockcb9tr6a-oci3.w-credentialless-staticblitz.com/blitz.96435430.js:31:868873)
    at Module._compile (https://zp1v56uxy8rdx5ypatb0ockcb9tr6a-oci3.w-credentialless-staticblitz.com/builtins.97a3df4f.js:148:16006)
    at Module._extensions..js (https://zp1v56uxy8rdx5ypatb0ockcb9tr6a-oci3.w-credentialless-staticblitz.com/builtins.97a3df4f.js:148:16726)
    at Module.load (https://zp1v56uxy8rdx5ypatb0ockcb9tr6a-oci3.w-credentialless-staticblitz.com/builtins.97a3df4f.js:148:15281) {"error":{"code":"MODULE_NOT_FOUND","requireStack":["/home/project/node_modules/bcrypt/bcrypt.js","/home/project/controllers/authController.js","/home/project/server.js"]},"stack":"Error: Cannot find module '/home/project/node_modules/bcrypt/lib/binding/napi-v3/bcrypt_lib.node'\nRequire stack:\n- /home/project/node_modules/bcrypt/bcrypt.js\n- /home/project/controllers/authController.js\n- /home/project/server.js\n    at Module._resolveFilename (https://zp1v56uxy8rdx5ypatb0ockcb9tr6a-oci3.w-credentialless-staticblitz.com/builtins.97a3df4f.js:148:14795)\n    at Module._load (https://zp1v56uxy8rdx5ypatb0ockcb9tr6a-oci3.w-credentialless-staticblitz.com/builtins.97a3df4f.js:148:12287)\n    at Module.require (https://zp1v56uxy8rdx5ypatb0ockcb9tr6a-oci3.w-credentialless-staticblitz.com/builtins.97a3df4f.js:148:15469)\n    at require3 (https://zp1v56uxy8rdx5ypatb0ockcb9tr6a-oci3.w-credentialless-staticblitz.com/builtins.97a3df4f.js:166:2696)\n    at _0x52ec33 (https://zp1v56uxy8rdx5ypatb0ockcb9tr6a-oci3.w-credentialless-staticblitz.com/blitz.96435430.js:31:868754)\n    at Object.eval (file:///home/project/node_modules/bcrypt/bcrypt.js#cjs:6:16)\n    at Object._0x35ff06 (https://zp1v56uxy8rdx5ypatb0ockcb9tr6a-oci3.w-credentialless-staticblitz.com/blitz.96435430.js:31:868873)\n    at Module._compile (https://zp1v56uxy8rdx5ypatb0ockcb9tr6a-oci3.w-credentialless-staticblitz.com/builtins.97a3df4f.js:148:16006)\n    at Module._extensions..js (https://zp1v56uxy8rdx5ypatb0ockcb9tr6a-oci3.w-credentialless-staticblitz.com/builtins.97a3df4f.js:148:16726)\n    at Module.load (https://zp1v56uxy8rdx5ypatb0ockcb9tr6a-oci3.w-credentialless-staticblitz.com/builtins.97a3df4f.js:148:15281)","exception":true,"date":"Fri Jul 04 2025 00:07:14 GMT+0700 (Western Indonesia Time)","process":{"pid":20,"uid":1,"gid":1,"cwd":"/home/project","execPath":"/usr/local/bin/node","version":"v20.19.1","argv":["/usr/local/bin/node","/home/project/server.js"],"memoryUsage":{"rss":0,"heapTotal":0,"heapUsed":0,"external":0,"arrayBuffers":0}},"os":{"loadavg":[0,0,0],"uptime":529},"trace":[{"column":14795,"file":"https://zp1v56uxy8rdx5ypatb0ockcb9tr6a-oci3.w-credentialless-staticblitz.com/builtins.97a3df4f.js","function":"Module._resolveFilename","line":148,"method":"_resolveFilename","native":false},{"column":12287,"file":"https://zp1v56uxy8rdx5ypatb0ockcb9tr6a-oci3.w-credentialless-staticblitz.com/builtins.97a3df4f.js","function":"Module._load","line":148,"method":"_load","native":false},{"column":15469,"file":"https://zp1v56uxy8rdx5ypatb0ockcb9tr6a-oci3.w-credentialless-staticblitz.com/builtins.97a3df4f.js","function":"Module.require","line":148,"method":"require","native":false},{"column":2696,"file":"https://zp1v56uxy8rdx5ypatb0ockcb9tr6a-oci3.w-credentialless-staticblitz.com/builtins.97a3df4f.js","function":"require3","line":166,"method":null,"native":false},{"column":868754,"file":"https://zp1v56uxy8rdx5ypatb0ockcb9tr6a-oci3.w-credentialless-staticblitz.com/blitz.96435430.js","function":"_0x52ec33","line":31,"method":null,"native":false},{"column":16,"file":"file:///home/project/node_modules/bcrypt/bcrypt.js#cjs","function":"Object.eval","line":6,"method":"eval","native":false},{"column":868873,"file":"https://zp1v56uxy8rdx5ypatb0ockcb9tr6a-oci3.w-credentialless-staticblitz.com/blitz.96435430.js","function":"Object._0x35ff06","line":31,"method":"_0x35ff06","native":false},{"column":16006,"file":"https://zp1v56uxy8rdx5ypatb0ockcb9tr6a-oci3.w-credentialless-staticblitz.com/builtins.97a3df4f.js","function":"Module._compile","line":148,"method":"_compile","native":false},{"column":16726,"file":"https://zp1v56uxy8rdx5ypatb0ockcb9tr6a-oci3.w-credentialless-staticblitz.com/builtins.97a3df4f.js","function":"Module._extensions..js","line":148,"method":".js","native":false},{"column":15281,"file":"https://zp1v56uxy8rdx5ypatb0ockcb9tr6a-oci3.w-credentialless-staticblitz.com/builtins.97a3df4f.js","function":"Module.load","line":148,"method":"load","native":false}]}
